<?xml version="1.0" encoding="utf-8"?><testsuites name="pytest tests"><testsuite name="pytest" errors="0" failures="0" skipped="0" tests="16" time="2.845" timestamp="2026-04-14T18:31:19.059787+00:00" hostname="agent-env-7522132b-0e62-4251-ae9b-1c70468a4e2f"><testcase classname="backend.tests.test_medvet_features.TestBlogAPI" name="test_get_blog_articles" time="0.155" /><testcase classname="backend.tests.test_medvet_features.TestBlogAPI" name="test_get_blog_article_by_id" time="0.300" /><testcase classname="backend.tests.test_medvet_features.TestBlogAPI" name="test_get_blog_article_not_found" time="0.104" /><testcase classname="backend.tests.test_medvet_features.TestBlogAPI" name="test_filter_blog_by_category" time="0.160" /><testcase classname="backend.tests.test_medvet_features.TestSymptomCalculatorAPI" name="test_get_available_symptoms" time="0.123" /><testcase classname="backend.tests.test_medvet_features.TestSymptomCalculatorAPI" name="test_calculate_recommendations_single_symptom" time="0.113" /><testcase classname="backend.tests.test_medvet_features.TestSymptomCalculatorAPI" name="test_calculate_recommendations_multiple_symptoms" time="0.110" /><testcase classname="backend.tests.test_medvet_features.TestSymptomCalculatorAPI" name="test_calculate_severe_urgency" time="0.107" /><testcase classname="backend.tests.test_medvet_features.TestTestimonialsAPI" name="test_get_testimonials" time="0.125" /><testcase classname="backend.tests.test_medvet_features.TestTestimonialsAPI" name="test_get_approved_testimonials" time="0.170" /><testcase classname="backend.tests.test_medvet_features.TestTestimonialsAPI" name="test_submit_testimonial_with_video_url" time="0.137" /><testcase classname="backend.tests.test_medvet_features.TestTestimonialsAPI" name="test_submit_testimonial_without_video" time="0.114" /><testcase classname="backend.tests.test_medvet_features.TestAuthAPI" name="test_login_admin" time="0.355" /><testcase classname="backend.tests.test_medvet_features.TestAuthAPI" name="test_login_invalid_credentials" time="0.345" /><testcase classname="backend.tests.test_medvet_features.TestProductsAPI" name="test_get_products" time="0.129" /><testcase classname="backend.tests.test_medvet_features.TestProductsAPI" name="test_get_categories" time="0.103" /></testsuite></testsuites>