<?xml version="1.0" encoding="utf-8"?><testsuites name="pytest tests"><testsuite name="pytest" errors="0" failures="0" skipped="0" tests="15" time="3.574" timestamp="2026-04-15T21:31:24.938336+00:00" hostname="agent-env-7522132b-0e62-4251-ae9b-1c70468a4e2f"><testcase classname="backend.tests.test_new_features.TestTerapiaAlimentarCategory" name="test_categories_includes_terapia_alimentar" time="0.199" /><testcase classname="backend.tests.test_new_features.TestTerapiaAlimentarCategory" name="test_terapia_alimentar_products_count" time="0.172" /><testcase classname="backend.tests.test_new_features.TestTerapiaAlimentarCategory" name="test_terapia_alimentar_products_details" time="0.185" /><testcase classname="backend.tests.test_new_features.TestTerapiaAlimentarCategory" name="test_cetogenic_kit_product" time="0.152" /><testcase classname="backend.tests.test_new_features.TestAllCategories" name="test_total_categories_count" time="0.147" /><testcase classname="backend.tests.test_new_features.TestAllCategories" name="test_all_expected_categories_exist" time="0.258" /><testcase classname="backend.tests.test_new_features.TestProductsEndpoint" name="test_products_endpoint_works" time="0.157" /><testcase classname="backend.tests.test_new_features.TestProductsEndpoint" name="test_products_filter_by_category" time="0.637" /><testcase classname="backend.tests.test_new_features.TestAuthEndpoints" name="test_login_with_admin_credentials" time="0.402" /><testcase classname="backend.tests.test_new_features.TestAuthEndpoints" name="test_login_with_invalid_credentials" time="0.214" /><testcase classname="backend.tests.test_new_features.TestOtherEndpoints" name="test_testimonials_endpoint" time="0.140" /><testcase classname="backend.tests.test_new_features.TestOtherEndpoints" name="test_faq_endpoint" time="0.154" /><testcase classname="backend.tests.test_new_features.TestOtherEndpoints" name="test_tips_endpoint" time="0.161" /><testcase classname="backend.tests.test_new_features.TestOtherEndpoints" name="test_blog_endpoint" time="0.145" /><testcase classname="backend.tests.test_new_features.TestOtherEndpoints" name="test_symptom_calculator_symptoms" time="0.168" /></testsuite></testsuites>