<?xml version="1.0" encoding="utf-8"?><testsuites name="pytest tests"><testsuite name="pytest" errors="0" failures="0" skipped="0" tests="13" time="4.353" timestamp="2026-04-21T16:38:37.403143+00:00" hostname="agent-env-7522132b-0e62-4251-ae9b-1c70468a4e2f"><testcase classname="backend.tests.test_news_newsletter.TestNewsEndpoints" name="test_get_all_news_returns_10_articles" time="0.226" /><testcase classname="backend.tests.test_news_newsletter.TestNewsEndpoints" name="test_news_article_structure" time="0.117" /><testcase classname="backend.tests.test_news_newsletter.TestNewsEndpoints" name="test_filter_news_by_category_acupuntura" time="0.188" /><testcase classname="backend.tests.test_news_newsletter.TestNewsEndpoints" name="test_filter_news_by_category_cbd" time="0.177" /><testcase classname="backend.tests.test_news_newsletter.TestNewsEndpoints" name="test_filter_news_by_category_ozonioterapia" time="0.164" /><testcase classname="backend.tests.test_news_newsletter.TestNewsEndpoints" name="test_filter_news_by_nonexistent_category" time="0.135" /><testcase classname="backend.tests.test_news_newsletter.TestNewsEndpoints" name="test_news_sources_are_real_journals" time="0.116" /><testcase classname="backend.tests.test_news_newsletter.TestNewsletterEndpoints" name="test_subscribe_new_email" time="0.350" /><testcase classname="backend.tests.test_news_newsletter.TestNewsletterEndpoints" name="test_subscribe_duplicate_email" time="0.420" /><testcase classname="backend.tests.test_news_newsletter.TestNewsletterEndpoints" name="test_unsubscribe_existing_email" time="0.282" /><testcase classname="backend.tests.test_news_newsletter.TestNewsletterEndpoints" name="test_unsubscribe_nonexistent_email" time="0.171" /><testcase classname="backend.tests.test_news_newsletter.TestNewsletterEndpoints" name="test_resubscribe_after_unsubscribe" time="0.506" /><testcase classname="backend.tests.test_news_newsletter.TestNewsCategories" name="test_all_categories_have_articles" time="1.247" /></testsuite></testsuites>