<?xml version="1.0" encoding="utf-8"?><testsuites name="pytest tests"><testsuite name="pytest" errors="0" failures="0" skipped="0" tests="12" time="2.147" timestamp="2026-04-14T21:00:00.723344+00:00" hostname="agent-env-7522132b-0e62-4251-ae9b-1c70468a4e2f"><testcase classname="tests.test_portuguese_accents.TestPortugueseAccentsInAPIs" name="test_categories_have_accented_names" time="0.241" /><testcase classname="tests.test_portuguese_accents.TestPortugueseAccentsInAPIs" name="test_products_have_accented_descriptions" time="0.134" /><testcase classname="tests.test_portuguese_accents.TestPortugueseAccentsInAPIs" name="test_blog_articles_have_accented_content" time="0.130" /><testcase classname="tests.test_portuguese_accents.TestPortugueseAccentsInAPIs" name="test_testimonials_api" time="0.133" /><testcase classname="tests.test_portuguese_accents.TestPortugueseAccentsInAPIs" name="test_tips_api" time="0.255" /><testcase classname="tests.test_portuguese_accents.TestPortugueseAccentsInAPIs" name="test_faq_api" time="0.137" /><testcase classname="tests.test_portuguese_accents.TestPortugueseAccentsInAPIs" name="test_symptom_calculator_symptoms" time="0.120" /><testcase classname="tests.test_portuguese_accents.TestAuthEndpoints" name="test_login_with_valid_credentials" time="0.359" /><testcase classname="tests.test_portuguese_accents.TestAuthEndpoints" name="test_login_with_invalid_credentials" time="0.182" /><testcase classname="tests.test_portuguese_accents.TestHealthAndBasicEndpoints" name="test_health_endpoint" time="0.144" /><testcase classname="tests.test_portuguese_accents.TestHealthAndBasicEndpoints" name="test_categories_endpoint_available" time="0.108" /><testcase classname="tests.test_portuguese_accents.TestHealthAndBasicEndpoints" name="test_products_endpoint_available" time="0.127" /></testsuite></testsuites>