<?xml version="1.0" encoding="utf-8"?><testsuites name="pytest tests"><testsuite name="pytest" errors="0" failures="0" skipped="0" tests="19" time="5.910" timestamp="2026-04-19T20:01:41.947690+00:00" hostname="agent-env-7522132b-0e62-4251-ae9b-1c70468a4e2f"><testcase classname="backend.tests.test_chat_pets.TestChatEndpoint" name="test_chat_therapy_acupuntura" time="0.208" /><testcase classname="backend.tests.test_chat_pets.TestChatEndpoint" name="test_chat_therapy_homeopatia" time="0.115" /><testcase classname="backend.tests.test_chat_pets.TestChatEndpoint" name="test_chat_therapy_cbd" time="0.111" /><testcase classname="backend.tests.test_chat_pets.TestChatEndpoint" name="test_chat_symptom_dor" time="0.108" /><testcase classname="backend.tests.test_chat_pets.TestChatEndpoint" name="test_chat_symptom_ansiedade" time="0.108" /><testcase classname="backend.tests.test_chat_pets.TestChatEndpoint" name="test_chat_symptom_pelagem" time="0.131" /><testcase classname="backend.tests.test_chat_pets.TestChatEndpoint" name="test_chat_general_question" time="0.097" /><testcase classname="backend.tests.test_chat_pets.TestPetsCRUD" name="test_get_pets_empty" time="0.386" /><testcase classname="backend.tests.test_chat_pets.TestPetsCRUD" name="test_create_pet" time="0.467" /><testcase classname="backend.tests.test_chat_pets.TestPetsCRUD" name="test_create_pet_gato" time="0.462" /><testcase classname="backend.tests.test_chat_pets.TestPetsCRUD" name="test_create_pet_outro" time="0.442" /><testcase classname="backend.tests.test_chat_pets.TestPetsCRUD" name="test_update_pet" time="0.550" /><testcase classname="backend.tests.test_chat_pets.TestPetsCRUD" name="test_delete_pet" time="0.526" /><testcase classname="backend.tests.test_chat_pets.TestPetsCRUD" name="test_delete_nonexistent_pet" time="0.452" /><testcase classname="backend.tests.test_chat_pets.TestChatWithPet" name="test_chat_with_pet_context" time="0.488" /><testcase classname="backend.tests.test_chat_pets.TestChatHistory" name="test_get_chat_history" time="0.456" /><testcase classname="backend.tests.test_chat_pets.TestChatHistory" name="test_chat_history_requires_auth" time="0.472" /><testcase classname="backend.tests.test_chat_pets.TestPetsAuth" name="test_get_pets_requires_auth" time="0.150" /><testcase classname="backend.tests.test_chat_pets.TestPetsAuth" name="test_create_pet_requires_auth" time="0.110" /></testsuite></testsuites>