<?xml version="1.0" encoding="utf-8"?><testsuites name="pytest tests"><testsuite name="pytest" errors="0" failures="0" skipped="0" tests="12" time="1.652" timestamp="2026-04-19T18:38:14.790747+00:00" hostname="agent-env-7522132b-0e62-4251-ae9b-1c70468a4e2f"><testcase classname="backend.tests.test_video_portal.TestVideoPortalAPI" name="test_get_all_videos" time="0.136" /><testcase classname="backend.tests.test_video_portal.TestVideoPortalAPI" name="test_videos_have_em_breve_status" time="0.174" /><testcase classname="backend.tests.test_video_portal.TestVideoPortalAPI" name="test_filter_videos_by_therapy_acupuntura" time="0.177" /><testcase classname="backend.tests.test_video_portal.TestVideoPortalAPI" name="test_filter_videos_by_therapy_homeopatia" time="0.113" /><testcase classname="backend.tests.test_video_portal.TestVideoPortalAPI" name="test_filter_videos_by_therapy_cbd" time="0.107" /><testcase classname="backend.tests.test_video_portal.TestVideoPortalAPI" name="test_video_tags_present" time="0.113" /><testcase classname="backend.tests.test_video_portal.TestVideoPortalAPI" name="test_video_thumbnails_are_urls" time="0.112" /><testcase classname="backend.tests.test_video_portal.TestSocialConfigAPI" name="test_get_social_config" time="0.160" /><testcase classname="backend.tests.test_video_portal.TestSocialConfigAPI" name="test_social_config_not_configured" time="0.110" /><testcase classname="backend.tests.test_video_portal.TestVideoPortalIntegration" name="test_video_ids_are_unique" time="0.120" /><testcase classname="backend.tests.test_video_portal.TestVideoPortalIntegration" name="test_all_therapies_have_videos" time="0.129" /><testcase classname="backend.tests.test_video_portal.TestVideoPortalIntegration" name="test_video_count_matches_expected" time="0.115" /></testsuite></testsuites>