<?xml version="1.0" encoding="utf-8"?><testsuites name="pytest tests"><testsuite name="pytest" errors="0" failures="0" skipped="0" tests="14" time="4.037" timestamp="2026-04-20T15:07:31.847943+00:00" hostname="agent-env-7522132b-0e62-4251-ae9b-1c70468a4e2f"><testcase classname="backend.tests.test_courses_vet.TestCoursesAPI" name="test_get_all_courses" time="0.245" /><testcase classname="backend.tests.test_courses_vet.TestCoursesAPI" name="test_get_active_courses" time="0.128" /><testcase classname="backend.tests.test_courses_vet.TestCoursesAPI" name="test_get_coming_soon_courses" time="0.174" /><testcase classname="backend.tests.test_courses_vet.TestCoursesAPI" name="test_course_card_fields" time="0.169" /><testcase classname="backend.tests.test_courses_vet.TestCoursesAPI" name="test_course_detail_acupuntura" time="0.126" /><testcase classname="backend.tests.test_courses_vet.TestCoursesAPI" name="test_course_detail_not_found" time="0.123" /><testcase classname="backend.tests.test_courses_vet.TestCoursesAPI" name="test_active_course_prices" time="0.150" /><testcase classname="backend.tests.test_courses_vet.TestVetPortalAPI" name="test_vet_register_success" time="0.359" /><testcase classname="backend.tests.test_courses_vet.TestVetPortalAPI" name="test_vet_register_duplicate_email" time="0.624" /><testcase classname="backend.tests.test_courses_vet.TestVetPortalAPI" name="test_vet_login_success" time="0.674" /><testcase classname="backend.tests.test_courses_vet.TestVetPortalAPI" name="test_vet_login_invalid_credentials" time="0.113" /><testcase classname="backend.tests.test_courses_vet.TestVetPortalAPI" name="test_vet_profile_with_token" time="0.458" /><testcase classname="backend.tests.test_courses_vet.TestVetPortalAPI" name="test_vet_profile_without_token" time="0.122" /><testcase classname="backend.tests.test_courses_vet.TestVetPortalAPI" name="test_vet_registration_fields" time="0.340" /></testsuite></testsuites>